<?xml version="1.0" encoding="UTF-8"?>
<!-- Generated by org.testng.reporters.JUnitReportReporter -->
<testsuite skipped="1" hostname="DESKTOP-5N4OCH5" name="com.MyTests.HomePageTest" tests="2" failures="0" timestamp="15 Jan 2020 04:53:06 GMT" time="22.649" errors="0">
  <testcase name="verifyHomePageHeader" time="22.649" classname="com.MyTests.HomePageTest"/>
  <testcase name="verifyHomePageTitle" classname="com.MyTests.HomePageTest">
    <skipped/>
  </testcase> <!-- verifyHomePageTitle -->
</testsuite> <!-- com.MyTests.HomePageTest -->
