<?xml version="1.0" encoding="UTF-8"?>
<!-- Generated by org.testng.reporters.JUnitReportReporter -->
<testsuite skipped="0" hostname="DESKTOP-5N4OCH5" name="com.MyTests.LoginPageTest" tests="5" failures="0" timestamp="13 Jan 2020 19:58:21 GMT" time="62.928" errors="0">
  <testcase name="verifyLoginPageTitleTest" time="12.043" classname="com.MyTests.LoginPageTest"/>
  <testcase name="verifyLoginPageHeaderTest" time="11.915" classname="com.MyTests.LoginPageTest"/>
  <testcase name="verifyDoLogin" time="14.270" classname="com.MyTests.LoginPageTest"/>
  <testcase name="verifyDoLogin2" time="12.532" classname="com.MyTests.LoginPageTest"/>
  <testcase name="verifyDoLogin3" time="12.168" classname="com.MyTests.LoginPageTest"/>
</testsuite> <!-- com.MyTests.LoginPageTest -->
